<?xml version="1.0" encoding="UTF-8"?>
<!-- Generated by org.testng.reporters.JUnitXMLReporter -->
<testsuite ignored="1" hostname="LAPTOP-P2104HK7" failures="0" tests="1" name="Default test" time="10.198" errors="0" timestamp="2025-11-12T13:52:18 IST">
  <testcase classname="testscript.JavaScriptExecutor" name="scroll" time="2.95"/>
  <testcase classname="testscript.JavaScriptExecutor" name="javaScriptExecutor" time="0.0">
    <ignored/>
  </testcase> <!-- javaScriptExecutor -->
</testsuite> <!-- Default test -->
