<?xml version="1.0" encoding="UTF-8"?>
<testng-results ignored="0" total="1" passed="1" failed="0" skipped="0">
  <reporter-output>
  </reporter-output>
  <suite started-at="2025-11-12T13:52:08 IST" name="Default suite" finished-at="2025-11-12T13:52:18 IST" duration-ms="10198">
    <groups>
    </groups>
    <test started-at="2025-11-12T13:52:08 IST" name="Default test" finished-at="2025-11-12T13:52:18 IST" duration-ms="10198">
      <class name="testscript.JavaScriptExecutor">
        <test-method is-config="true" signature="browserInitialization()[pri:0, instance:testscript.JavaScriptExecutor@55b699ef]" started-at="2025-11-12T13:52:08 IST" name="browserInitialization" finished-at="2025-11-12T13:52:15 IST" duration-ms="7171" status="PASS">
          <reporter-output>
          </reporter-output>
        </test-method> <!-- browserInitialization -->
        <test-method signature="scroll()[pri:0, instance:testscript.JavaScriptExecutor@55b699ef]" started-at="2025-11-12T13:52:15 IST" name="scroll" finished-at="2025-11-12T13:52:18 IST" duration-ms="2950" status="PASS">
          <reporter-output>
          </reporter-output>
        </test-method> <!-- scroll -->
        <test-method is-config="true" signature="browserQuitAndClose()[pri:0, instance:testscript.JavaScriptExecutor@55b699ef]" started-at="2025-11-12T13:52:18 IST" name="browserQuitAndClose" finished-at="2025-11-12T13:52:18 IST" duration-ms="3" status="PASS">
          <reporter-output>
          </reporter-output>
        </test-method> <!-- browserQuitAndClose -->
      </class> <!-- testscript.JavaScriptExecutor -->
    </test> <!-- Default test -->
  </suite> <!-- Default suite -->
</testng-results>
